<?xml version="1.0" encoding="UTF-8"?>
<!-- Generated by org.testng.reporters.JUnitReportReporter -->
<testsuite hostname="LTILBOM20401186" failures="0" tests="7" name="com.blazeDemo.testScripts.ReservePageTest" time="24.288" errors="0" timestamp="2022-12-10T19:23:00 IST" skipped="0">
  <testcase classname="com.blazeDemo.testScripts.ReservePageTest" name="verifyTitle" time="3.013"/>
  <system-out/>
  <testcase classname="com.blazeDemo.testScripts.ReservePageTest" name="getSrcDestFromExcel" time="3.092"/>
  <system-out/>
  <testcase classname="com.blazeDemo.testScripts.ReservePageTest" name="getSrcDestFromExcel" time="4.280"/>
  <system-out/>
  <testcase classname="com.blazeDemo.testScripts.ReservePageTest" name="getSrcDestFromExcel" time="4.195"/>
  <system-out/>
  <testcase classname="com.blazeDemo.testScripts.ReservePageTest" name="getSrcDestFromExcel" time="3.359"/>
  <system-out/>
  <testcase classname="com.blazeDemo.testScripts.ReservePageTest" name="verifySrcDest" time="3.169"/>
  <system-out/>
  <testcase classname="com.blazeDemo.testScripts.ReservePageTest" name="getSrcDestFromExcel" time="3.180"/>
  <system-out/>
</testsuite> <!-- com.blazeDemo.testScripts.ReservePageTest -->
