<?xml version="1.0" encoding="UTF-8"?>
<!-- Generated by org.testng.reporters.JUnitReportReporter -->
<testsuite hostname="LTILBOM20401186" failures="0" tests="3" name="com.blazeDemo.testScripts.EndToEndTest" time="34.337" errors="0" timestamp="2022-12-10T20:27:11 IST" skipped="0">
  <testcase classname="com.blazeDemo.testScripts.EndToEndTest" name="endToEndTest" time="21.931"/>
  <system-out/>
  <testcase classname="com.blazeDemo.testScripts.EndToEndTest" name="endToEndTest2" time="6.145"/>
  <system-out/>
  <testcase classname="com.blazeDemo.testScripts.EndToEndTest" name="endToEndTest2" time="6.261"/>
  <system-out/>
</testsuite> <!-- com.blazeDemo.testScripts.EndToEndTest -->
