<?xml version="1.0" encoding="UTF-8"?>
<!-- Generated by org.testng.reporters.JUnitReportReporter -->
<testsuite hostname="LTILBOM20401186" failures="0" tests="3" name="com.blazeDemo.testScripts.VacationPageTest" time="61.491" errors="0" timestamp="2022-12-10T19:23:00 IST" skipped="0">
  <testcase classname="com.blazeDemo.testScripts.VacationPageTest" name="verifyTitle" time="20.685"/>
  <system-out/>
  <testcase classname="com.blazeDemo.testScripts.VacationPageTest" name="verifyText" time="20.425"/>
  <system-out/>
  <testcase classname="com.blazeDemo.testScripts.VacationPageTest" name="verifyImageonPage" time="20.381"/>
  <system-out/>
</testsuite> <!-- com.blazeDemo.testScripts.VacationPageTest -->
