<?xml version="1.0" encoding="UTF-8"?>
<!-- Generated by org.testng.reporters.JUnitReportReporter -->
<testsuite hostname="LTILBOM20401186" failures="0" tests="3" name="com.blazeDemo.testScripts.ConfirmationPageTest" time="64.557" errors="0" timestamp="2022-12-10T19:23:00 IST" skipped="0">
  <testcase classname="com.blazeDemo.testScripts.ConfirmationPageTest" name="getInfoDetails" time="21.846"/>
  <system-out/>
  <testcase classname="com.blazeDemo.testScripts.ConfirmationPageTest" name="verifyTitle" time="21.383"/>
  <system-out/>
  <testcase classname="com.blazeDemo.testScripts.ConfirmationPageTest" name="verifyUrl" time="21.328"/>
  <system-out/>
</testsuite> <!-- com.blazeDemo.testScripts.ConfirmationPageTest -->
