<?xml version="1.0" encoding="UTF-8"?>
<!-- Generated by org.testng.reporters.JUnitReportReporter -->
<testsuite hostname="LTILBOM20401186" failures="0" tests="4" name="com.blazeDemo.testScripts.DetailsPageTest" time="23.806" errors="0" timestamp="2022-12-10T19:23:00 IST" skipped="0">
  <testcase classname="com.blazeDemo.testScripts.DetailsPageTest" name="verifyTitle" time="7.637"/>
  <system-out/>
  <testcase classname="com.blazeDemo.testScripts.DetailsPageTest" name="verifyText" time="5.097"/>
  <system-out/>
  <testcase classname="com.blazeDemo.testScripts.DetailsPageTest" name="verifyUrl" time="5.769"/>
  <system-out/>
  <testcase classname="com.blazeDemo.testScripts.DetailsPageTest" name="enterDetails" time="5.303"/>
  <system-out/>
</testsuite> <!-- com.blazeDemo.testScripts.DetailsPageTest -->
