<?xml version="1.0" encoding="UTF-8"?>
<!-- Generated by org.testng.reporters.JUnitReportReporter -->
<testsuite hostname="LTILBOM20401186" failures="0" tests="3" name="com.blazeDemo.testScripts.IndexPageTest" time="25.679" errors="0" timestamp="2022-12-10T19:23:00 IST" skipped="0">
  <testcase classname="com.blazeDemo.testScripts.IndexPageTest" name="verifyTitleOfPage" time="20.773"/>
  <system-out/>
  <testcase classname="com.blazeDemo.testScripts.IndexPageTest" name="verifyUrl" time="2.386"/>
  <system-out/>
  <testcase classname="com.blazeDemo.testScripts.IndexPageTest" name="verifyHomePage" time="2.520"/>
  <system-out/>
</testsuite> <!-- com.blazeDemo.testScripts.IndexPageTest -->
